{"/home/hugo/projects/kanban/backend/src/modules/auth/usecases/LoginUserUseCase.ts": {"path":"/home/hugo/projects/kanban/backend/src/modules/auth/usecases/LoginUserUseCase.ts","statementMap":{"0":{"start":{"line":2,"column":0},"end":{"line":2,"column":28}},"1":{"start":{"line":3,"column":0},"end":{"line":3,"column":31}},"2":{"start":{"line":19,"column":22},"end":{"line":19,"column":47}},"3":{"start":{"line":23,"column":17},"end":{"line":23,"column":60}},"4":{"start":{"line":24,"column":4},"end":{"line":26,"column":5}},"5":{"start":{"line":25,"column":6},"end":{"line":25,"column":45}},"6":{"start":{"line":29,"column":20},"end":{"line":29,"column":70}},"7":{"start":{"line":30,"column":4},"end":{"line":32,"column":5}},"8":{"start":{"line":31,"column":6},"end":{"line":31,"column":45}},"9":{"start":{"line":35,"column":18},"end":{"line":38,"column":null}},"10":{"start":{"line":41,"column":4},"end":{"line":41,"column":27}},"11":{"start":{"line":18,"column":0},"end":{"line":18,"column":13}}},"fnMap":{"0":{"name":"(anonymous_8)","decl":{"start":{"line":19,"column":2},"end":{"line":19,"column":22}},"loc":{"start":{"line":19,"column":47},"end":{"line":19,"column":51}}},"1":{"name":"(anonymous_9)","decl":{"start":{"line":21,"column":8},"end":{"line":21,"column":15}},"loc":{"start":{"line":21,"column":36},"end":{"line":42,"column":null}}}},"branchMap":{"0":{"loc":{"start":{"line":24,"column":4},"end":{"line":26,"column":5}},"type":"if","locations":[{"start":{"line":24,"column":4},"end":{"line":26,"column":5}}]},"1":{"loc":{"start":{"line":30,"column":4},"end":{"line":32,"column":5}},"type":"if","locations":[{"start":{"line":30,"column":4},"end":{"line":32,"column":5}}]},"2":{"loc":{"start":{"line":37,"column":6},"end":{"line":37,"column":47}},"type":"binary-expr","locations":[{"start":{"line":37,"column":6},"end":{"line":37,"column":28}},{"start":{"line":37,"column":32},"end":{"line":37,"column":47}}]}},"s":{"0":1,"1":1,"2":3,"3":3,"4":3,"5":1,"6":2,"7":2,"8":1,"9":1,"10":1,"11":1},"f":{"0":3,"1":3},"b":{"0":[1],"1":[1],"2":[1,0]}}
,"/home/hugo/projects/kanban/backend/src/modules/user/entities/User.ts": {"path":"/home/hugo/projects/kanban/backend/src/modules/user/entities/User.ts","statementMap":{"0":{"start":{"line":26,"column":4},"end":{"line":26,"column":29}},"1":{"start":{"line":27,"column":4},"end":{"line":27,"column":27}},"2":{"start":{"line":28,"column":4},"end":{"line":28,"column":29}},"3":{"start":{"line":29,"column":4},"end":{"line":29,"column":35}},"4":{"start":{"line":30,"column":4},"end":{"line":30,"column":47}},"5":{"start":{"line":31,"column":4},"end":{"line":31,"column":45}},"6":{"start":{"line":32,"column":4},"end":{"line":32,"column":51}},"7":{"start":{"line":33,"column":4},"end":{"line":33,"column":51}},"8":{"start":{"line":15,"column":0},"end":{"line":15,"column":13}}},"fnMap":{"0":{"name":"(anonymous_0)","decl":{"start":{"line":25,"column":2},"end":{"line":25,"column":14}},"loc":{"start":{"line":25,"column":31},"end":{"line":34,"column":3}}}},"branchMap":{"0":{"loc":{"start":{"line":26,"column":14},"end":{"line":26,"column":28}},"type":"binary-expr","locations":[{"start":{"line":26,"column":14},"end":{"line":26,"column":22}},{"start":{"line":26,"column":26},"end":{"line":26,"column":28}}]},"1":{"loc":{"start":{"line":31,"column":16},"end":{"line":31,"column":44}},"type":"binary-expr","locations":[{"start":{"line":31,"column":16},"end":{"line":31,"column":26}},{"start":{"line":31,"column":30},"end":{"line":31,"column":44}}]},"2":{"loc":{"start":{"line":32,"column":21},"end":{"line":32,"column":50}},"type":"binary-expr","locations":[{"start":{"line":32,"column":21},"end":{"line":32,"column":36}},{"start":{"line":32,"column":40},"end":{"line":32,"column":50}}]},"3":{"loc":{"start":{"line":33,"column":21},"end":{"line":33,"column":50}},"type":"binary-expr","locations":[{"start":{"line":33,"column":21},"end":{"line":33,"column":36}},{"start":{"line":33,"column":40},"end":{"line":33,"column":50}}]}},"s":{"0":4,"1":4,"2":4,"3":4,"4":4,"5":4,"6":4,"7":4,"8":2},"f":{"0":4},"b":{"0":[4,0],"1":[4,0],"2":[4,3],"3":[4,3]}}
,"/home/hugo/projects/kanban/backend/src/modules/user/usecases/CreateUserUseCase.ts": {"path":"/home/hugo/projects/kanban/backend/src/modules/user/usecases/CreateUserUseCase.ts","statementMap":{"0":{"start":{"line":1,"column":0},"end":{"line":1,"column":28}},"1":{"start":{"line":16,"column":12},"end":{"line":16,"column":43}},"2":{"start":{"line":21,"column":25},"end":{"line":21,"column":74}},"3":{"start":{"line":22,"column":4},"end":{"line":24,"column":5}},"4":{"start":{"line":23,"column":6},"end":{"line":23,"column":46}},"5":{"start":{"line":27,"column":27},"end":{"line":27,"column":63}},"6":{"start":{"line":30,"column":24},"end":{"line":36,"column":6}},"7":{"start":{"line":38,"column":4},"end":{"line":38,"column":23}},"8":{"start":{"line":14,"column":0},"end":{"line":14,"column":13}}},"fnMap":{"0":{"name":"(anonymous_8)","decl":{"start":{"line":15,"column":2},"end":{"line":15,"column":null}},"loc":{"start":{"line":16,"column":43},"end":{"line":17,"column":6}}},"1":{"name":"(anonymous_9)","decl":{"start":{"line":19,"column":8},"end":{"line":19,"column":15}},"loc":{"start":{"line":19,"column":37},"end":{"line":39,"column":null}}}},"branchMap":{"0":{"loc":{"start":{"line":22,"column":4},"end":{"line":24,"column":5}},"type":"if","locations":[{"start":{"line":22,"column":4},"end":{"line":24,"column":5}}]}},"s":{"0":1,"1":2,"2":2,"3":2,"4":1,"5":1,"6":1,"7":1,"8":1},"f":{"0":2,"1":2},"b":{"0":[1]}}
}
