TN:
SF:src/modules/auth/usecases/LoginUserUseCase.ts
FN:19,(anonymous_8)
FN:21,(anonymous_9)
FNF:2
FNH:2
FNDA:3,(anonymous_8)
FNDA:3,(anonymous_9)
DA:2,1
DA:3,1
DA:18,1
DA:19,3
DA:23,3
DA:24,3
DA:25,1
DA:29,2
DA:30,2
DA:31,1
DA:35,1
DA:41,1
LF:12
LH:12
BRDA:24,0,0,1
BRDA:30,1,0,1
BRDA:37,2,0,1
BRDA:37,2,1,0
BRF:4
BRH:3
end_of_record
TN:
SF:src/modules/user/entities/User.ts
FN:25,(anonymous_0)
FNF:1
FNH:1
FNDA:4,(anonymous_0)
DA:15,2
DA:26,4
DA:27,4
DA:28,4
DA:29,4
DA:30,4
DA:31,4
DA:32,4
DA:33,4
LF:9
LH:9
BRDA:26,0,0,4
BRDA:26,0,1,0
BRDA:31,1,0,4
BRDA:31,1,1,0
BRDA:32,2,0,4
BRDA:32,2,1,3
BRDA:33,3,0,4
BRDA:33,3,1,3
BRF:8
BRH:6
end_of_record
TN:
SF:src/modules/user/usecases/CreateUserUseCase.ts
FN:15,(anonymous_8)
FN:19,(anonymous_9)
FNF:2
FNH:2
FNDA:2,(anonymous_8)
FNDA:2,(anonymous_9)
DA:1,1
DA:14,1
DA:16,2
DA:21,2
DA:22,2
DA:23,1
DA:27,1
DA:30,1
DA:38,1
LF:9
LH:9
BRDA:22,0,0,1
BRF:1
BRH:1
end_of_record
